<?xml version="1.0" encoding="UTF-8"?>
<!-- Generated by org.testng.reporters.JUnitXMLReporter -->
<testsuite ignored="1" hostname="LAPTOP-1BF2L213" failures="0" tests="1" name="Home_Test" time="0.116" errors="0" timestamp="11 Jun 2020 17:00:52 GMT">
  <testcase classname="DemoTestNg.DemoTestNg.TC_Home_Group" name="TC_Home_02" time="0.076"/>
  <testcase classname="DemoTestNg.DemoTestNg.TC_Home_Group" name="TC_Home_01" time="0.0">
    <ignored/>
  </testcase> <!-- TC_Home_01 -->
</testsuite> <!-- Home_Test -->
