<?xml version="1.0" encoding="UTF-8"?>
<!-- Generated by org.testng.reporters.JUnitXMLReporter -->
<testsuite ignored="2" hostname="LAPTOP-1BF2L213" failures="0" tests="2" name="Login_Test" time="0.005" errors="0" timestamp="11 Jun 2020 17:00:52 GMT">
  <testcase classname="DemoTestNg.DemoTestNg.TC_Login_Group" name="TC_Login_01" time="0.003"/>
  <testcase classname="DemoTestNg.DemoTestNg.TC_Login_Group" name="TC_Login_03" time="0.002"/>
  <testcase classname="DemoTestNg.DemoTestNg.TC_Login_Group" name="TC_Login_02" time="0.0">
    <ignored/>
  </testcase> <!-- TC_Login_02 -->
  <testcase classname="DemoTestNg.DemoTestNg.TC_Login_Group" name="TC_Login_04" time="0.0">
    <ignored/>
  </testcase> <!-- TC_Login_04 -->
</testsuite> <!-- Login_Test -->
