<?xml version="1.0" encoding="UTF-8"?>
<!-- Generated by org.testng.reporters.JUnitXMLReporter -->
<testsuite hostname="LAPTOP-1BF2L213" ignored="1" name="Home_Test" tests="1" failures="0" timestamp="26 May 2020 23:17:30 GMT" time="0.04" errors="0">
  <testcase name="TC_Home_02" time="0.013" classname="DemoTestNg.DemoTestNg.TC_Home_Group"/>
  <testcase name="TC_Home_01" time="0.0" classname="DemoTestNg.DemoTestNg.TC_Home_Group">
    <ignored/>
  </testcase> <!-- TC_Home_01 -->
</testsuite> <!-- Home_Test -->
