<?xml version="1.0" encoding="UTF-8"?>
<!-- Generated by org.testng.reporters.JUnitXMLReporter -->
<testsuite hostname="LAPTOP-1BF2L213" ignored="1" name="Login_Test" tests="3" failures="0" timestamp="27 May 2020 05:35:18 GMT" time="0.013" errors="0">
  <testcase name="TC_Login_01" time="0.001" classname="DemoTestNg.DemoTestNg.TC_Login"/>
  <testcase name="TC_Login_02" time="0.003" classname="DemoTestNg.DemoTestNg.TC_Login"/>
  <testcase name="TC_Login_04" time="0.002" classname="DemoTestNg.DemoTestNg.TC_Login"/>
  <testcase name="TC_Login_03" time="0.0" classname="DemoTestNg.DemoTestNg.TC_Login">
    <ignored/>
  </testcase> <!-- TC_Login_03 -->
</testsuite> <!-- Login_Test -->
