<?xml version="1.0" encoding="UTF-8"?>
<!-- Generated by org.testng.reporters.JUnitXMLReporter -->
<testsuite hostname="LAPTOP-1BF2L213" ignored="0" name="Test" tests="4" failures="0" timestamp="26 May 2020 22:32:20 GMT" time="0.083" errors="0">
  <testcase name="TC_Login_01" time="0.002" classname="DemoTestNg.DemoTestNg.TC_Login"/>
  <testcase name="TC_Login_02" time="0.004" classname="DemoTestNg.DemoTestNg.TC_Login"/>
  <testcase name="TC_Login_03" time="0.005" classname="DemoTestNg.DemoTestNg.TC_Login"/>
  <testcase name="TC_Login_04" time="0.028" classname="DemoTestNg.DemoTestNg.TC_Login"/>
</testsuite> <!-- Test -->
