<?xml version="1.0" encoding="UTF-8"?>
<testsuite xmlns:xsi="http://www.w3.org/2001/XMLSchema-instance" xsi:noNamespaceSchemaLocation="https://maven.apache.org/surefire/maven-surefire-plugin/xsd/surefire-test-report.xsd" name="TestSuite" time="1.77" tests="3" errors="0" skipped="0" failures="0">
  <properties>
[...]
</properties>
  <testcase name="TC_Home_02" classname="DemoTestNg.DemoTestNg.TC_Home_Group" time="0.081"/>
  <testcase name="TC_Login_01" classname="DemoTestNg.DemoTestNg.TC_Login_Group" time="0.003"/>
  <testcase name="TC_Login_03" classname="DemoTestNg.DemoTestNg.TC_Login_Group" time="0.002"/>
</testsuite>