<?xml version="1.0" encoding="UTF-8"?>
<testng-results skipped="0" failed="0" ignored="1" total="6" passed="5">
  <reporter-output>
  </reporter-output>
  <suite name="Regression_Suite" duration-ms="156" started-at="2020-05-27T05:35:18Z" finished-at="2020-05-27T05:35:18Z">
    <groups>
    </groups>
    <test name="Home_Test" duration-ms="70" started-at="2020-05-27T05:35:18Z" finished-at="2020-05-27T05:35:18Z">
      <class name="DemoTestNg.DemoTestNg.TC_Home">
        <test-method status="PASS" signature="TC_Home_01()[pri:0, instance:DemoTestNg.DemoTestNg.TC_Home@5b275dab]" name="TC_Home_01" duration-ms="22" started-at="2020-05-26T22:35:18Z" finished-at="2020-05-26T22:35:18Z">
          <reporter-output>
          </reporter-output>
        </test-method> <!-- TC_Home_01 -->
        <test-method status="PASS" signature="TC_Home_02()[pri:0, instance:DemoTestNg.DemoTestNg.TC_Home@5b275dab]" name="TC_Home_02" duration-ms="2" started-at="2020-05-26T22:35:18Z" finished-at="2020-05-26T22:35:18Z">
          <reporter-output>
          </reporter-output>
        </test-method> <!-- TC_Home_02 -->
      </class> <!-- DemoTestNg.DemoTestNg.TC_Home -->
    </test> <!-- Home_Test -->
    <test name="Login_Test" duration-ms="13" started-at="2020-05-27T05:35:18Z" finished-at="2020-05-27T05:35:18Z">
      <class name="DemoTestNg.DemoTestNg.TC_Login">
        <test-method status="PASS" signature="TC_Login_01()[pri:0, instance:DemoTestNg.DemoTestNg.TC_Login@343f4d3d]" name="TC_Login_01" duration-ms="1" started-at="2020-05-26T22:35:18Z" finished-at="2020-05-26T22:35:18Z">
          <reporter-output>
          </reporter-output>
        </test-method> <!-- TC_Login_01 -->
        <test-method status="PASS" signature="TC_Login_02()[pri:0, instance:DemoTestNg.DemoTestNg.TC_Login@343f4d3d]" name="TC_Login_02" duration-ms="3" started-at="2020-05-26T22:35:18Z" finished-at="2020-05-26T22:35:18Z">
          <reporter-output>
          </reporter-output>
        </test-method> <!-- TC_Login_02 -->
        <test-method status="PASS" signature="TC_Login_04()[pri:0, instance:DemoTestNg.DemoTestNg.TC_Login@343f4d3d]" name="TC_Login_04" duration-ms="2" started-at="2020-05-26T22:35:18Z" finished-at="2020-05-26T22:35:18Z">
          <reporter-output>
          </reporter-output>
        </test-method> <!-- TC_Login_04 -->
      </class> <!-- DemoTestNg.DemoTestNg.TC_Login -->
    </test> <!-- Login_Test -->
  </suite> <!-- Regression_Suite -->
</testng-results>
